<?xml version="1.0" encoding="UTF-8"?>
<!-- Generated by org.testng.reporters.JUnitReportReporter -->
<testsuite hostname="LT-BLIOTTA" failures="0" tests="1" name="com.qa.SeleniumSessions.ReadPropertiesFile" time="15.753" errors="1" timestamp="21 Apr 2020 15:08:39 GMT" skipped="0">
  <testcase classname="com.qa.SeleniumSessions.ReadPropertiesFile" name="setUP" time="15.753">
    <error message="session not created
from chrome not reachable
  (Session info: chrome=81.0.4044.113)
Build info: version: &#039;3.141.59&#039;, revision: &#039;e82be7d358&#039;, time: &#039;2018-11-14T08:17:03&#039;
System info: host: &#039;LT-BLIOTTA&#039;, ip: &#039;192.168.1.12&#039;, os.name: &#039;Windows 10&#039;, os.arch: &#039;amd64&#039;, os.version: &#039;10.0&#039;, java.version: &#039;14&#039;
Driver info: driver.version: ChromeDriver
remote stacktrace: Backtrace:
	Ordinal0 [0x010A0C83+1707139]
	Ordinal0 [0x010068F1+1075441]
	Ordinal0 [0x00F7DE72+515698]
	Ordinal0 [0x00F77CA8+490664]
	Ordinal0 [0x00F7839B+492443]
	Ordinal0 [0x00F792F5+496373]
	Ordinal0 [0x00F74F05+478981]
	Ordinal0 [0x00F7ECA0+519328]
	Ordinal0 [0x00F2CA67+182887]
	Ordinal0 [0x00F2BDDD+179677]
	Ordinal0 [0x00F29D4B+171339]
	Ordinal0 [0x00F11D4A+73034]
	Ordinal0 [0x00F12DC0+77248]
	Ordinal0 [0x00F12D59+77145]
	Ordinal0 [0x0101BB67+1162087]
	GetHandleVerifier [0x0113A966+508998]
	GetHandleVerifier [0x0113A6A4+508292]
	GetHandleVerifier [0x0114F7B7+594583]
	GetHandleVerifier [0x0113B1D6+511158]
	Ordinal0 [0x0101402C+1130540]
	Ordinal0 [0x0101D4CB+1168587]
	Ordinal0 [0x0101D633+1168947]
	Ordinal0 [0x01035B35+1268533]
	BaseThreadInitThunk [0x76C36359+25]
	RtlGetAppContainerNamedObjectPath [0x77DA7B74+228]
	RtlGetAppContainerNamedObjectPath [0x77DA7B44+180]
" type="org.openqa.selenium.SessionNotCreatedException">
      <![CDATA[org.openqa.selenium.SessionNotCreatedException: session not created
from chrome not reachable
  (Session info: chrome=81.0.4044.113)
Build info: version: '3.141.59', revision: 'e82be7d358', time: '2018-11-14T08:17:03'
System info: host: 'LT-BLIOTTA', ip: '192.168.1.12', os.name: 'Windows 10', os.arch: 'amd64', os.version: '10.0', java.version: '14'
Driver info: driver.version: ChromeDriver
remote stacktrace: Backtrace:
Ordinal0 [0x010A0C83+1707139]
Ordinal0 [0x010068F1+1075441]
Ordinal0 [0x00F7DE72+515698]
Ordinal0 [0x00F77CA8+490664]
Ordinal0 [0x00F7839B+492443]
Ordinal0 [0x00F792F5+496373]
Ordinal0 [0x00F74F05+478981]
Ordinal0 [0x00F7ECA0+519328]
Ordinal0 [0x00F2CA67+182887]
Ordinal0 [0x00F2BDDD+179677]
Ordinal0 [0x00F29D4B+171339]
Ordinal0 [0x00F11D4A+73034]
Ordinal0 [0x00F12DC0+77248]
Ordinal0 [0x00F12D59+77145]
Ordinal0 [0x0101BB67+1162087]
GetHandleVerifier [0x0113A966+508998]
GetHandleVerifier [0x0113A6A4+508292]
GetHandleVerifier [0x0114F7B7+594583]
GetHandleVerifier [0x0113B1D6+511158]
Ordinal0 [0x0101402C+1130540]
Ordinal0 [0x0101D4CB+1168587]
Ordinal0 [0x0101D633+1168947]
Ordinal0 [0x01035B35+1268533]
BaseThreadInitThunk [0x76C36359+25]
RtlGetAppContainerNamedObjectPath [0x77DA7B74+228]
RtlGetAppContainerNamedObjectPath [0x77DA7B44+180]

at java.base/jdk.internal.reflect.NativeConstructorAccessorImpl.newInstance0(Native Method)
at java.base/jdk.internal.reflect.NativeConstructorAccessorImpl.newInstance(NativeConstructorAccessorImpl.java:62)
at java.base/jdk.internal.reflect.DelegatingConstructorAccessorImpl.newInstance(DelegatingConstructorAccessorImpl.java:45)
at java.base/java.lang.reflect.Constructor.newInstanceWithCaller(Constructor.java:500)
at java.base/java.lang.reflect.Constructor.newInstance(Constructor.java:481)
at org.openqa.selenium.remote.W3CHandshakeResponse.lambda$errorHandler$0(W3CHandshakeResponse.java:62)
at org.openqa.selenium.remote.HandshakeResponse.lambda$getResponseFunction$0(HandshakeResponse.java:30)
at org.openqa.selenium.remote.ProtocolHandshake.lambda$createSession$0(ProtocolHandshake.java:126)
at java.base/java.util.stream.ReferencePipeline$3$1.accept(ReferencePipeline.java:195)
at java.base/java.util.Spliterators$ArraySpliterator.tryAdvance(Spliterators.java:958)
at java.base/java.util.stream.ReferencePipeline.forEachWithCancel(ReferencePipeline.java:127)
at java.base/java.util.stream.AbstractPipeline.copyIntoWithCancel(AbstractPipeline.java:502)
at java.base/java.util.stream.AbstractPipeline.copyInto(AbstractPipeline.java:488)
at java.base/java.util.stream.AbstractPipeline.wrapAndCopyInto(AbstractPipeline.java:474)
at java.base/java.util.stream.FindOps$FindOp.evaluateSequential(FindOps.java:150)
at java.base/java.util.stream.AbstractPipeline.evaluate(AbstractPipeline.java:234)
at java.base/java.util.stream.ReferencePipeline.findFirst(ReferencePipeline.java:543)
at org.openqa.selenium.remote.ProtocolHandshake.createSession(ProtocolHandshake.java:128)
at org.openqa.selenium.remote.ProtocolHandshake.createSession(ProtocolHandshake.java:74)
at org.openqa.selenium.remote.HttpCommandExecutor.execute(HttpCommandExecutor.java:136)
at org.openqa.selenium.remote.service.DriverCommandExecutor.execute(DriverCommandExecutor.java:83)
at org.openqa.selenium.remote.RemoteWebDriver.execute(RemoteWebDriver.java:552)
at org.openqa.selenium.remote.RemoteWebDriver.startSession(RemoteWebDriver.java:213)
at org.openqa.selenium.remote.RemoteWebDriver.<init>(RemoteWebDriver.java:131)
at org.openqa.selenium.chrome.ChromeDriver.<init>(ChromeDriver.java:181)
at org.openqa.selenium.chrome.ChromeDriver.<init>(ChromeDriver.java:168)
at org.openqa.selenium.chrome.ChromeDriver.<init>(ChromeDriver.java:123)
at com.qa.SeleniumSessions.ReadPropertiesFile.setUP(ReadPropertiesFile.java:47)
at java.base/jdk.internal.reflect.NativeMethodAccessorImpl.invoke0(Native Method)
at java.base/jdk.internal.reflect.NativeMethodAccessorImpl.invoke(NativeMethodAccessorImpl.java:62)
at java.base/jdk.internal.reflect.DelegatingMethodAccessorImpl.invoke(DelegatingMethodAccessorImpl.java:43)
at java.base/java.lang.reflect.Method.invoke(Method.java:564)
at org.testng.internal.MethodInvocationHelper.invokeMethod(MethodInvocationHelper.java:124)
at org.testng.internal.Invoker.invokeMethod(Invoker.java:583)
at org.testng.internal.Invoker.invokeTestMethod(Invoker.java:719)
at org.testng.internal.Invoker.invokeTestMethods(Invoker.java:989)
at org.testng.internal.TestMethodWorker.invokeTestMethods(TestMethodWorker.java:125)
at org.testng.internal.TestMethodWorker.run(TestMethodWorker.java:109)
at org.testng.TestRunner.privateRun(TestRunner.java:648)
at org.testng.TestRunner.run(TestRunner.java:505)
at org.testng.SuiteRunner.runTest(SuiteRunner.java:455)
at org.testng.SuiteRunner.runSequentially(SuiteRunner.java:450)
at org.testng.SuiteRunner.privateRun(SuiteRunner.java:415)
at org.testng.SuiteRunner.run(SuiteRunner.java:364)
at org.testng.SuiteRunnerWorker.runSuite(SuiteRunnerWorker.java:52)
at org.testng.SuiteRunnerWorker.run(SuiteRunnerWorker.java:84)
at org.testng.TestNG.runSuitesSequentially(TestNG.java:1208)
at org.testng.TestNG.runSuitesLocally(TestNG.java:1137)
at org.testng.TestNG.runSuites(TestNG.java:1049)
at org.testng.TestNG.run(TestNG.java:1017)
at org.testng.remote.AbstractRemoteTestNG.run(AbstractRemoteTestNG.java:115)
at org.testng.remote.RemoteTestNG.initAndRun(RemoteTestNG.java:251)
at org.testng.remote.RemoteTestNG.main(RemoteTestNG.java:77)
]]>
    </error>
  </testcase> <!-- setUP -->
</testsuite> <!-- com.qa.SeleniumSessions.ReadPropertiesFile -->
