<?xml version="1.0" encoding="UTF-8"?>
<!-- Generated by org.testng.reporters.JUnitXMLReporter -->
<testsuite ignored="0" hostname="LT-BLIOTTA" failures="0" tests="29" name="Regression Test" time="243.041" errors="0" timestamp="11 May 2020 17:12:43 GMT">
  <testcase classname="com.qa.SeleniumSessions.NavigateScreenShot" name="@BeforeTest chromelogin" time="15.147">
    <failure type="org.openqa.selenium.SessionNotCreatedException" message="session not created
from chrome not reachable
  (Session info: chrome=81.0.4044.138)
Build info: version: &amp;apos;3.141.59&amp;apos;, revision: &amp;apos;e82be7d358&amp;apos;, time: &amp;apos;2018-11-14T08:17:03&amp;apos;
System info: host: &amp;apos;LT-BLIOTTA&amp;apos;, ip: &amp;apos;192.168.1.12&amp;apos;, os.name: &amp;apos;Windows 10&amp;apos;, os.arch: &amp;apos;amd64&amp;apos;, os.version: &amp;apos;10.0&amp;apos;, java.version: &amp;apos;14&amp;apos;
Driver info: driver.version: ChromeDriver
remote stacktrace: Backtrace:
	Ordinal0 [0x00E10C83+1707139]
	Ordinal0 [0x00D768F1+1075441]
	Ordinal0 [0x00CEDE72+515698]
	Ordinal0 [0x00CE7CA8+490664]
	Ordinal0 [0x00CE839B+492443]
	Ordinal0 [0x00CE92F5+496373]
	Ordinal0 [0x00CE4F05+478981]
	Ordinal0 [0x00CEECA0+519328]
	Ordinal0 [0x00C9CA67+182887]
	Ordinal0 [0x00C9BDDD+179677]
	Ordinal0 [0x00C99D4B+171339]
	Ordinal0 [0x00C81D4A+73034]
	Ordinal0 [0x00C82DC0+77248]
	Ordinal0 [0x00C82D59+77145]
	Ordinal0 [0x00D8BB67+1162087]
	GetHandleVerifier [0x00EAA966+508998]
	GetHandleVerifier [0x00EAA6A4+508292]
	GetHandleVerifier [0x00EBF7B7+594583]
	GetHandleVerifier [0x00EAB1D6+511158]
	Ordinal0 [0x00D8402C+1130540]
	Ordinal0 [0x00D8D4CB+1168587]
	Ordinal0 [0x00D8D633+1168947]
	Ordinal0 [0x00DA5B35+1268533]
	BaseThreadInitThunk [0x75826359+25]
	RtlGetAppContainerNamedObjectPath [0x77347B74+228]
	RtlGetAppContainerNamedObjectPath [0x77347B44+180]
">
      <![CDATA[org.openqa.selenium.SessionNotCreatedException: session not created
from chrome not reachable
  (Session info: chrome=81.0.4044.138)
Build info: version: '3.141.59', revision: 'e82be7d358', time: '2018-11-14T08:17:03'
System info: host: 'LT-BLIOTTA', ip: '192.168.1.12', os.name: 'Windows 10', os.arch: 'amd64', os.version: '10.0', java.version: '14'
Driver info: driver.version: ChromeDriver
remote stacktrace: Backtrace:
Ordinal0 [0x00E10C83+1707139]
Ordinal0 [0x00D768F1+1075441]
Ordinal0 [0x00CEDE72+515698]
Ordinal0 [0x00CE7CA8+490664]
Ordinal0 [0x00CE839B+492443]
Ordinal0 [0x00CE92F5+496373]
Ordinal0 [0x00CE4F05+478981]
Ordinal0 [0x00CEECA0+519328]
Ordinal0 [0x00C9CA67+182887]
Ordinal0 [0x00C9BDDD+179677]
Ordinal0 [0x00C99D4B+171339]
Ordinal0 [0x00C81D4A+73034]
Ordinal0 [0x00C82DC0+77248]
Ordinal0 [0x00C82D59+77145]
Ordinal0 [0x00D8BB67+1162087]
GetHandleVerifier [0x00EAA966+508998]
GetHandleVerifier [0x00EAA6A4+508292]
GetHandleVerifier [0x00EBF7B7+594583]
GetHandleVerifier [0x00EAB1D6+511158]
Ordinal0 [0x00D8402C+1130540]
Ordinal0 [0x00D8D4CB+1168587]
Ordinal0 [0x00D8D633+1168947]
Ordinal0 [0x00DA5B35+1268533]
BaseThreadInitThunk [0x75826359+25]
RtlGetAppContainerNamedObjectPath [0x77347B74+228]
RtlGetAppContainerNamedObjectPath [0x77347B44+180]

at org.openqa.selenium.remote.W3CHandshakeResponse.lambda$errorHandler$0(W3CHandshakeResponse.java:62)
at org.openqa.selenium.remote.HandshakeResponse.lambda$getResponseFunction$0(HandshakeResponse.java:30)
at org.openqa.selenium.remote.ProtocolHandshake.lambda$createSession$0(ProtocolHandshake.java:126)
at java.base/java.util.stream.ReferencePipeline$3$1.accept(ReferencePipeline.java:195)
at java.base/java.util.Spliterators$ArraySpliterator.tryAdvance(Spliterators.java:958)
at java.base/java.util.stream.ReferencePipeline.forEachWithCancel(ReferencePipeline.java:127)
at java.base/java.util.stream.AbstractPipeline.copyIntoWithCancel(AbstractPipeline.java:502)
at java.base/java.util.stream.AbstractPipeline.copyInto(AbstractPipeline.java:488)
at java.base/java.util.stream.AbstractPipeline.wrapAndCopyInto(AbstractPipeline.java:474)
at java.base/java.util.stream.FindOps$FindOp.evaluateSequential(FindOps.java:150)
at java.base/java.util.stream.AbstractPipeline.evaluate(AbstractPipeline.java:234)
at java.base/java.util.stream.ReferencePipeline.findFirst(ReferencePipeline.java:543)
at org.openqa.selenium.remote.ProtocolHandshake.createSession(ProtocolHandshake.java:128)
at org.openqa.selenium.remote.ProtocolHandshake.createSession(ProtocolHandshake.java:74)
at org.openqa.selenium.remote.HttpCommandExecutor.execute(HttpCommandExecutor.java:136)
at org.openqa.selenium.remote.service.DriverCommandExecutor.execute(DriverCommandExecutor.java:83)
at org.openqa.selenium.remote.RemoteWebDriver.execute(RemoteWebDriver.java:552)
at org.openqa.selenium.remote.RemoteWebDriver.startSession(RemoteWebDriver.java:213)
at org.openqa.selenium.remote.RemoteWebDriver.<init>(RemoteWebDriver.java:131)
at org.openqa.selenium.chrome.ChromeDriver.<init>(ChromeDriver.java:181)
at org.openqa.selenium.chrome.ChromeDriver.<init>(ChromeDriver.java:168)
at org.openqa.selenium.chrome.ChromeDriver.<init>(ChromeDriver.java:123)
at com.qa.SeleniumSessions.NavigateScreenShot.chromelogin(NavigateScreenShot.java:28)
... Removed 29 stack frames]]>
    </failure>
  </testcase> <!-- @BeforeTest chromelogin -->
  <testcase classname="com.qa.SeleniumSessions.SelectAlertsUpload" name="@BeforeTest chromelogin" time="0.0">
    <skipped/>
  </testcase> <!-- @BeforeTest chromelogin -->
  <testcase classname="com.qa.SeleniumSessions.SvgImageHandling" name="@BeforeTest chromelogin" time="0.0">
    <skipped/>
  </testcase> <!-- @BeforeTest chromelogin -->
  <testcase classname="com.qa.SeleniumSessions.TestNGFeatures" name="@BeforeTest Login" time="0.0">
    <skipped/>
  </testcase> <!-- @BeforeTest Login -->
  <testcase classname="com.qa.SeleniumSessions.WindowHandles" name="@BeforeTest chromelogin" time="0.0">
    <skipped/>
  </testcase> <!-- @BeforeTest chromelogin -->
  <testcase classname="com.qa.SeleniumSessions.SampleTestNGProgram" name="@BeforeMethod setUp" time="0.0">
    <skipped/>
  </testcase> <!-- @BeforeMethod setUp -->
  <testcase classname="com.qa.SeleniumSessions.SampleTestNGProgram" name="@AfterMethod tearDown" time="0.0">
    <skipped/>
  </testcase> <!-- @AfterMethod tearDown -->
  <testcase classname="com.qa.SeleniumSessions.BasicTestNGConcepts" name="@BeforeClass startApp" time="0.0">
    <skipped/>
  </testcase> <!-- @BeforeClass startApp -->
  <testcase classname="com.qa.SeleniumSessions.BasicTestNGConcepts" name="@BeforeMethod enterurl" time="0.0">
    <skipped/>
  </testcase> <!-- @BeforeMethod enterurl -->
  <testcase classname="com.qa.SeleniumSessions.BasicTestNGConcepts" name="@AfterMethod logOut" time="0.0">
    <skipped/>
  </testcase> <!-- @AfterMethod logOut -->
  <testcase classname="com.qa.SeleniumSessions.BasicTestNGConcepts" name="@AfterClass closeBrowser" time="0.0">
    <skipped/>
  </testcase> <!-- @AfterClass closeBrowser -->
  <testcase classname="com.qa.SeleniumSessions.TestNGFeatures" name="@BeforeClass startService" time="0.0">
    <skipped/>
  </testcase> <!-- @BeforeClass startService -->
  <testcase classname="com.qa.SeleniumSessions.TestNGFeatures" name="@BeforeMethod enterUrl" time="0.0">
    <skipped/>
  </testcase> <!-- @BeforeMethod enterUrl -->
  <testcase classname="com.qa.SeleniumSessions.TestNGFeatures" name="@AfterMethod tearDown" time="0.0">
    <skipped/>
  </testcase> <!-- @AfterMethod tearDown -->
  <testcase classname="com.qa.SeleniumSessions.TestNGFeatures" name="@BeforeMethod enterUrl" time="0.0">
    <skipped/>
  </testcase> <!-- @BeforeMethod enterUrl -->
  <testcase classname="com.qa.SeleniumSessions.TestNGFeatures" name="@AfterMethod tearDown" time="0.0">
    <skipped/>
  </testcase> <!-- @AfterMethod tearDown -->
  <testcase classname="com.qa.SeleniumSessions.TestNGFeatures" name="@BeforeMethod enterUrl" time="0.0">
    <skipped/>
  </testcase> <!-- @BeforeMethod enterUrl -->
  <testcase classname="com.qa.SeleniumSessions.TestNGFeatures" name="@AfterMethod tearDown" time="0.0">
    <skipped/>
  </testcase> <!-- @AfterMethod tearDown -->
  <testcase classname="com.qa.SeleniumSessions.TestNGFeatures" name="@BeforeMethod enterUrl" time="0.0">
    <skipped/>
  </testcase> <!-- @BeforeMethod enterUrl -->
  <testcase classname="com.qa.SeleniumSessions.TestNGFeatures" name="@AfterMethod tearDown" time="0.0">
    <skipped/>
  </testcase> <!-- @AfterMethod tearDown -->
  <testcase classname="com.qa.SeleniumSessions.TestNGFeatures" name="@BeforeMethod enterUrl" time="0.0">
    <skipped/>
  </testcase> <!-- @BeforeMethod enterUrl -->
  <testcase classname="com.qa.SeleniumSessions.TestNGFeatures" name="@AfterMethod tearDown" time="0.0">
    <skipped/>
  </testcase> <!-- @AfterMethod tearDown -->
  <testcase classname="com.qa.SeleniumSessions.TestNGFeatures" name="@BeforeMethod enterUrl" time="0.0">
    <skipped/>
  </testcase> <!-- @BeforeMethod enterUrl -->
  <testcase classname="com.qa.SeleniumSessions.TestNGFeatures" name="@AfterMethod tearDown" time="0.0">
    <skipped/>
  </testcase> <!-- @AfterMethod tearDown -->
  <testcase classname="com.qa.SeleniumSessions.TestNGFeatures" name="@BeforeMethod enterUrl" time="0.0">
    <skipped/>
  </testcase> <!-- @BeforeMethod enterUrl -->
  <testcase classname="com.qa.SeleniumSessions.TestNGFeatures" name="@AfterMethod tearDown" time="0.0">
    <skipped/>
  </testcase> <!-- @AfterMethod tearDown -->
  <testcase classname="com.qa.SeleniumSessions.TestNGFeatures" name="@BeforeMethod enterUrl" time="0.0">
    <skipped/>
  </testcase> <!-- @BeforeMethod enterUrl -->
  <testcase classname="com.qa.SeleniumSessions.TestNGFeatures" name="@AfterMethod tearDown" time="0.0">
    <skipped/>
  </testcase> <!-- @AfterMethod tearDown -->
  <testcase classname="com.qa.SeleniumSessions.WebDriverSessions" name="@AfterMethod tearDown" time="0.0">
    <skipped/>
  </testcase> <!-- @AfterMethod tearDown -->
  <testcase classname="com.qa.SeleniumSessions.WebDriverSessions" name="@AfterMethod tearDown" time="0.0">
    <skipped/>
  </testcase> <!-- @AfterMethod tearDown -->
  <testcase classname="com.qa.SeleniumSessions.BasicTestNGConcepts" name="@AfterTest deleteAllCookies" time="0.0">
    <skipped/>
  </testcase> <!-- @AfterTest deleteAllCookies -->
  <testcase classname="com.qa.SeleniumSessions.Calendar" name="@AfterTest tearDown" time="0.0">
    <skipped/>
  </testcase> <!-- @AfterTest tearDown -->
  <testcase classname="com.qa.SeleniumSessions.FindElements" name="@AfterTest tearDown" time="0.0">
    <skipped/>
  </testcase> <!-- @AfterTest tearDown -->
  <testcase classname="com.qa.SeleniumSessions.SampleTestNGProgram" name="getmail" time="0.0">
    <skipped/>
  </testcase> <!-- getmail -->
  <testcase classname="com.qa.SeleniumSessions.NavigateScreenShot" name="takeScreenShot" time="0.0">
    <skipped/>
  </testcase> <!-- takeScreenShot -->
  <testcase classname="com.qa.SeleniumSessions.ReadPropertiesFile" name="setUP" time="0.0">
    <skipped/>
  </testcase> <!-- setUP -->
  <testcase classname="com.qa.SeleniumSessions.LocatorConcept" name="loginintoPage" time="0.0">
    <skipped/>
  </testcase> <!-- loginintoPage -->
  <testcase classname="com.qa.SeleniumSessions.MouseOverDragDrop" name="iframes" time="0.0">
    <skipped/>
  </testcase> <!-- iframes -->
  <testcase classname="com.qa.SeleniumSessions.JavaScriptExecutorConcepts" name="loginPage" time="0.0">
    <skipped/>
  </testcase> <!-- loginPage -->
  <testcase classname="com.qa.SeleniumSessions.BasicTestNGConcepts" name="getTitle" time="0.0">
    <skipped/>
  </testcase> <!-- getTitle -->
  <testcase classname="com.qa.SeleniumSessions.FindElements" name="getText" time="0.0">
    <skipped/>
  </testcase> <!-- getText -->
  <testcase classname="com.qa.SeleniumSessions.Iframes" name="iframes" time="0.0">
    <skipped/>
  </testcase> <!-- iframes -->
  <testcase classname="com.qa.SeleniumSessions.BootStrapDropDown" name="dropDownButtonTwo" time="0.0">
    <skipped/>
  </testcase> <!-- dropDownButtonTwo -->
  <testcase classname="com.qa.SeleniumSessions.FlipCartSvgElements" name="svgImageHanling" time="0.0">
    <skipped/>
  </testcase> <!-- svgImageHanling -->
  <testcase classname="com.qa.SeleniumSessions.GoogleSearchTest" name="googleSearch" time="0.0">
    <skipped/>
  </testcase> <!-- googleSearch -->
  <testcase classname="com.qa.SeleniumSessions.HeadLessBrowser" name="bootStrapDDTest" time="0.0">
    <skipped/>
  </testcase> <!-- bootStrapDDTest -->
  <testcase classname="com.qa.SeleniumSessions.Calendar" name="datePickerTest" time="0.0">
    <skipped/>
  </testcase> <!-- datePickerTest -->
  <testcase classname="com.qa.SeleniumSessions.SelectAlertsUpload" name="alertMethod" time="0.0">
    <skipped/>
  </testcase> <!-- alertMethod -->
  <testcase classname="com.qa.SeleniumSessions.SelectAlertsUpload" name="creatingAccount" time="0.0">
    <skipped/>
  </testcase> <!-- creatingAccount -->
  <testcase classname="com.qa.SeleniumSessions.DynamicWebTables" name="webTables" time="0.0">
    <skipped/>
  </testcase> <!-- webTables -->
  <testcase classname="com.qa.SeleniumSessions.SvgImageHandling" name="svgImageHanling" time="0.0">
    <skipped/>
  </testcase> <!-- svgImageHanling -->
  <testcase classname="com.qa.SeleniumSessions.TestNGFeatures" name="div" time="0.0">
    <skipped/>
  </testcase> <!-- div -->
  <testcase classname="com.qa.SeleniumSessions.TestNGFeatures" name="mul" time="0.0">
    <skipped/>
  </testcase> <!-- mul -->
  <testcase classname="com.qa.SeleniumSessions.TestNGFeatures" name="mul" time="0.0">
    <skipped/>
  </testcase> <!-- mul -->
  <testcase classname="com.qa.SeleniumSessions.TestNGFeatures" name="mul" time="0.0">
    <skipped/>
  </testcase> <!-- mul -->
  <testcase classname="com.qa.SeleniumSessions.TestNGFeatures" name="mul" time="0.0">
    <skipped/>
  </testcase> <!-- mul -->
  <testcase classname="com.qa.SeleniumSessions.TestNGFeatures" name="mul" time="0.0">
    <skipped/>
  </testcase> <!-- mul -->
  <testcase classname="com.qa.SeleniumSessions.TestNGFeatures" name="sub" time="0.0">
    <skipped/>
  </testcase> <!-- sub -->
  <testcase classname="com.qa.SeleniumSessions.TestNGFeatures" name="sum" time="0.0">
    <skipped/>
  </testcase> <!-- sum -->
  <testcase classname="com.qa.SeleniumSessions.WebDriverSessions" name="chromeBrowser" time="0.0">
    <skipped/>
  </testcase> <!-- chromeBrowser -->
  <testcase classname="com.qa.SeleniumSessions.WebDriverSessions" name="firefoxBrowser" time="0.0">
    <skipped/>
  </testcase> <!-- firefoxBrowser -->
  <testcase classname="com.qa.SeleniumSessions.WindowHandles" name="windowHandles" time="0.0">
    <skipped/>
  </testcase> <!-- windowHandles -->
</testsuite> <!-- Regression Test -->
