<?xml version="1.0" encoding="UTF-8"?>
<!-- Generated by org.testng.reporters.JUnitXMLReporter -->
<testsuite ignored="0" hostname="LT-BLIOTTA" failures="3" tests="5" name="ParallelTest" time="14.466" errors="0" timestamp="19 May 2020 18:58:02 GMT">
  <testcase classname="com.qa.SeleniumSessions.TestNGParallelTestingConcept" name="openFacebook" time="10.118"/>
  <testcase classname="com.qa.SeleniumSessions.TestNGParallelTestingConcept" name="openChromeBrowser" time="10.118">
    <failure type="org.testng.internal.thread.ThreadTimeoutException" message="Method com.qa.SeleniumSessions.TestNGParallelTestingConcept.openChromeBrowser() didn&amp;apos;t finish within the time-out 2000">
      <![CDATA[org.testng.internal.thread.ThreadTimeoutException: Method com.qa.SeleniumSessions.TestNGParallelTestingConcept.openChromeBrowser() didn't finish within the time-out 2000
at java.base/java.util.concurrent.FutureTask.run(FutureTask.java:264)
at java.base/java.util.concurrent.ThreadPoolExecutor.runWorker(ThreadPoolExecutor.java:1130)
at java.base/java.util.concurrent.ThreadPoolExecutor$Worker.run(ThreadPoolExecutor.java:630)
at java.base/java.lang.Thread.run(Thread.java:832)
... Removed 8 stack frames]]>
    </failure>
  </testcase> <!-- openChromeBrowser -->
  <testcase classname="com.qa.SeleniumSessions.TestNGParallelTestingConcept" name="openChromeBrowser" time="10.118">
    <failure type="org.testng.internal.thread.ThreadTimeoutException" message="Method com.qa.SeleniumSessions.TestNGParallelTestingConcept.openChromeBrowser() didn&amp;apos;t finish within the time-out 2000">
      <![CDATA[org.testng.internal.thread.ThreadTimeoutException: Method com.qa.SeleniumSessions.TestNGParallelTestingConcept.openChromeBrowser() didn't finish within the time-out 2000
at java.base/java.util.concurrent.FutureTask.run(FutureTask.java:264)
at java.base/java.util.concurrent.ThreadPoolExecutor.runWorker(ThreadPoolExecutor.java:1130)
at java.base/java.util.concurrent.ThreadPoolExecutor$Worker.run(ThreadPoolExecutor.java:630)
at java.base/java.lang.Thread.run(Thread.java:832)
... Removed 8 stack frames]]>
    </failure>
  </testcase> <!-- openChromeBrowser -->
  <testcase classname="com.qa.SeleniumSessions.TestNGParallelTestingConcept" name="openChromeBrowser" time="10.118">
    <failure type="org.testng.internal.thread.ThreadTimeoutException" message="Method com.qa.SeleniumSessions.TestNGParallelTestingConcept.openChromeBrowser() didn&amp;apos;t finish within the time-out 2000">
      <![CDATA[org.testng.internal.thread.ThreadTimeoutException: Method com.qa.SeleniumSessions.TestNGParallelTestingConcept.openChromeBrowser() didn't finish within the time-out 2000
at java.base/java.util.concurrent.FutureTask.run(FutureTask.java:264)
at java.base/java.util.concurrent.ThreadPoolExecutor.runWorker(ThreadPoolExecutor.java:1130)
at java.base/java.util.concurrent.ThreadPoolExecutor$Worker.run(ThreadPoolExecutor.java:630)
at java.base/java.lang.Thread.run(Thread.java:832)
... Removed 8 stack frames]]>
    </failure>
  </testcase> <!-- openChromeBrowser -->
  <testcase classname="com.qa.SeleniumSessions.TestNGParallelTestingConcept" name="openSeleniumBrowser" time="8.122"/>
</testsuite> <!-- ParallelTest -->
